2025-09-10 17:31:08,223 [INFO] Activator:176 - 


2025-09-10 17:31:08,225 [INFO] Activator:177 - !SESSION log4j initialized
2025-09-10 17:31:09,327 [ERROR] LogOutputStream:75 - [STDERR_REDIRECT] 
2025-09-10 17:31:09,934 [INFO] LogOutputStream:77 - [STDOUT_REDIRECT] 
2025-09-10 17:31:11,876 [INFO] LogOutputStream:77 - [STDOUT_REDIRECT] 
2025-09-10 17:31:13,888 [INFO] ApplicationProperties:184 - Using Application install path: /Applications/STM32CubeIDE.app/Contents/Eclipse/plugins/com.st.stm32cube.common.mx_6.9.1.202307191849
2025-09-10 17:31:13,899 [INFO] DbMcusXml:78 - Set database path to: /Applications/STM32CubeIDE.app/Contents/Eclipse/plugins/com.st.stm32cube.common.mx_6.9.1.202307191849//db//mcu/
2025-09-10 17:31:13,899 [INFO] ApiDb:274 - Set plugin database path to: /Applications/STM32CubeIDE.app/Contents/Eclipse/plugins/com.st.stm32cube.common.mx_6.9.1.202307191849//db//plugins/boardmanager/
2025-09-10 17:31:13,900 [WARN] ApiDb:259 - Overriding images path with different value:  => /Applications/STM32CubeIDE.app/Contents/Eclipse/plugins/com.st.stm32cube.common.mx_6.9.1.202307191849//db//plugins/mcufinder/images/
2025-09-10 17:31:13,914 [INFO] ApiDb:250 - Set database path to: /Users/samuel.meysembourg/.stmcufinder/plugins/mcufinder//mcu/
2025-09-10 17:31:13,915 [INFO] DbMcusAds:125 - Set database path to: /Users/samuel.meysembourg/.stmcufinder/plugins/mcufinder//mcu/
2025-09-10 17:31:13,916 [INFO] CrossReferenceDbSqlite:203 - Set database path to: /Users/samuel.meysembourg/.stmcufinder/plugins/mcufinder//mcu/cs/
2025-09-10 17:31:14,012 [INFO] RulesReader:64 - Compatibility file has been processed (293 Rules)
2025-09-10 17:31:14,072 [INFO] DbMcusXml:78 - Set database path to: /Applications/STM32CubeIDE.app/Contents/Eclipse/plugins/com.st.stm32cube.common.mx_6.9.1.202307191849//db//mcu/
2025-09-10 17:31:14,072 [INFO] ApiDb:274 - Set plugin database path to: /Applications/STM32CubeIDE.app/Contents/Eclipse/plugins/com.st.stm32cube.common.mx_6.9.1.202307191849//db//plugins/boardmanager/
2025-09-10 17:31:14,073 [INFO] ApiDb:261 - Set plugin images path to: /Applications/STM32CubeIDE.app/Contents/Eclipse/plugins/com.st.stm32cube.common.mx_6.9.1.202307191849//db//plugins/mcufinder/images/
2025-09-10 17:31:14,073 [WARN] DbFile:41 - Overriding database path with different value: /Users/samuel.meysembourg/.stmcufinder/plugins/mcufinder/ => /Users/samuel.meysembourg/.stmcufinder/plugins/mcufinder
2025-09-10 17:31:14,073 [INFO] ApiDb:250 - Set database path to: /Users/samuel.meysembourg/.stmcufinder/plugins/mcufinder//mcu/
2025-09-10 17:31:14,073 [WARN] DbFile:41 - Overriding database path with different value: /Users/samuel.meysembourg/.stmcufinder/plugins/mcufinder/ => /Users/samuel.meysembourg/.stmcufinder/plugins/mcufinder
2025-09-10 17:31:14,073 [INFO] DbMcusAds:125 - Set database path to: /Users/samuel.meysembourg/.stmcufinder/plugins/mcufinder//mcu/
2025-09-10 17:31:14,073 [WARN] DbFile:41 - Overriding database path with different value: /Users/samuel.meysembourg/.stmcufinder/plugins/mcufinder/ => /Users/samuel.meysembourg/.stmcufinder/plugins/mcufinder
2025-09-10 17:31:14,073 [WARN] DbFile:41 - Overriding database path with different value: /Users/samuel.meysembourg/.stmcufinder/plugins/mcufinder/ => /Users/samuel.meysembourg/.stmcufinder/plugins/mcufinder
2025-09-10 17:31:14,073 [INFO] CrossReferenceDbSqlite:203 - Set database path to: /Users/samuel.meysembourg/.stmcufinder/plugins/mcufinder//mcu/cs/
2025-09-10 17:31:14,129 [INFO] MainPanel:262 - HeapMemory: 340787200
2025-09-10 17:31:14,216 [INFO] DbMcusXml:78 - Set database path to: /Applications/STM32CubeIDE.app/Contents/Eclipse/plugins/com.st.stm32cube.common.mx_6.9.1.202307191849//db//mcu/
2025-09-10 17:31:14,216 [INFO] ApiDb:274 - Set plugin database path to: /Applications/STM32CubeIDE.app/Contents/Eclipse/plugins/com.st.stm32cube.common.mx_6.9.1.202307191849//db//plugins/boardmanager/
2025-09-10 17:31:14,216 [INFO] ApiDb:261 - Set plugin images path to: /Applications/STM32CubeIDE.app/Contents/Eclipse/plugins/com.st.stm32cube.common.mx_6.9.1.202307191849//db//plugins/mcufinder/images/
2025-09-10 17:31:14,216 [WARN] DbFile:41 - Overriding database path with different value: /Users/samuel.meysembourg/.stmcufinder/plugins/mcufinder/ => /Users/samuel.meysembourg/.stmcufinder/plugins/mcufinder
2025-09-10 17:31:14,217 [INFO] ApiDb:250 - Set database path to: /Users/samuel.meysembourg/.stmcufinder/plugins/mcufinder//mcu/
2025-09-10 17:31:14,217 [WARN] DbFile:41 - Overriding database path with different value: /Users/samuel.meysembourg/.stmcufinder/plugins/mcufinder/ => /Users/samuel.meysembourg/.stmcufinder/plugins/mcufinder
2025-09-10 17:31:14,217 [INFO] DbMcusAds:125 - Set database path to: /Users/samuel.meysembourg/.stmcufinder/plugins/mcufinder//mcu/
2025-09-10 17:31:14,217 [WARN] DbFile:41 - Overriding database path with different value: /Users/samuel.meysembourg/.stmcufinder/plugins/mcufinder/ => /Users/samuel.meysembourg/.stmcufinder/plugins/mcufinder
2025-09-10 17:31:14,217 [WARN] DbFile:41 - Overriding database path with different value: /Users/samuel.meysembourg/.stmcufinder/plugins/mcufinder/ => /Users/samuel.meysembourg/.stmcufinder/plugins/mcufinder
2025-09-10 17:31:14,217 [INFO] CrossReferenceDbSqlite:203 - Set database path to: /Users/samuel.meysembourg/.stmcufinder/plugins/mcufinder//mcu/cs/
2025-09-10 17:31:14,228 [INFO] ApplicationProperties:184 - Using Application install path: /Applications/STM32CubeIDE.app/Contents/Eclipse/plugins/com.st.stm32cube.common.mx_6.9.1.202307191849
2025-09-10 17:31:14,228 [INFO] PluginManage:196 - Search for loadable plugins [exclusion list=, ]
2025-09-10 17:31:14,230 [INFO] PluginManage:310 - Check plugin analytics
2025-09-10 17:31:14,375 [INFO] AnalyticsPlugin:253 - Accepted Software Licenses: 
2025-09-10 17:31:14,375 [INFO] AnalyticsPlugin:255 - Accepted CMSIS Pack Licenses: 
2025-09-10 17:31:14,375 [INFO] AnalyticsPlugin:257 - Accepted Firmware Licenses: 
2025-09-10 17:31:14,382 [INFO] PluginManage:359 - Loaded plugin analytics (category:tool,tabindex:-1)
2025-09-10 17:31:14,384 [INFO] PluginManage:310 - Check plugin cadmodel
2025-09-10 17:31:14,729 [INFO] CADModel:105 - Init CAD model plugin
2025-09-10 17:31:14,729 [INFO] PluginManage:359 - Loaded plugin cadmodel (category:power,tabindex:5)
2025-09-10 17:31:14,730 [INFO] PluginManage:310 - Check plugin clock
2025-09-10 17:31:14,739 [INFO] PluginManage:359 - Loaded plugin clock (category:base,tabindex:2)
2025-09-10 17:31:14,739 [INFO] PluginManage:310 - Check plugin ddr
2025-09-10 17:31:14,741 [INFO] PluginManage:359 - Loaded plugin ddr (category:tool,tabindex:6)
2025-09-10 17:31:14,741 [INFO] PluginManage:310 - Check plugin filemanager
2025-09-10 17:31:14,833 [INFO] PluginManage:359 - Loaded plugin filemanager (category:base,tabindex:10)
2025-09-10 17:31:14,833 [INFO] PluginManage:310 - Check plugin ipmanager
2025-09-10 17:31:14,838 [INFO] PluginManage:359 - Loaded plugin ipmanager (category:base,tabindex:5)
2025-09-10 17:31:14,838 [INFO] PluginManage:310 - Check plugin lpbam
2025-09-10 17:31:14,848 [INFO] PluginManage:359 - Loaded plugin lpbam (category:base,tabindex:0)
2025-09-10 17:31:14,848 [INFO] PluginManage:310 - Check plugin memorymap
2025-09-10 17:31:14,855 [INFO] PluginManage:359 - Loaded plugin memorymap (category:base,tabindex:4)
2025-09-10 17:31:14,855 [INFO] PluginManage:310 - Check plugin pinoutandconfiguration
2025-09-10 17:31:14,861 [INFO] PluginManage:359 - Loaded plugin pinoutandconfiguration (category:base,tabindex:1)
2025-09-10 17:31:14,861 [INFO] PluginManage:310 - Check plugin pinoutconfig
2025-09-10 17:31:14,918 [WARN] SupportedApi:132 - Cannot load RTOS API schema: s4s-elt-must-match.1: The content of 'definitions' must match (annotation?, (simpleType | complexType)?, (unique | key | keyref)*)). A problem was found starting at: attribute.
2025-09-10 17:31:15,066 [INFO] PluginManage:359 - Loaded plugin pinoutconfig (category:base,tabindex:0)
2025-09-10 17:31:15,066 [INFO] PluginManage:310 - Check plugin power
2025-09-10 17:31:15,074 [INFO] PluginManage:359 - Loaded plugin power (category:power,tabindex:4)
2025-09-10 17:31:15,074 [INFO] PluginManage:310 - Check plugin projectmanager
2025-09-10 17:31:15,099 [INFO] PluginManage:359 - Loaded plugin projectmanager (category:projectmanager,tabindex:3)
2025-09-10 17:31:15,099 [INFO] PluginManage:310 - Check plugin thirdparty
2025-09-10 17:31:15,220 [INFO] PluginManage:359 - Loaded plugin thirdparty (category:base,tabindex:-1)
2025-09-10 17:31:15,220 [WARN] IntegrityCheckThread:84 - waiting for thirdparty lock release [integrity check]
2025-09-10 17:31:15,221 [INFO] PluginManage:310 - Check plugin tools
2025-09-10 17:31:15,221 [INFO] IntegrityCheckThread:86 - entering critical section [integrity check]
2025-09-10 17:31:15,222 [INFO] ThirdPartyUpdaterWithRetryManager:70 - Updater plugin not ready yet. [1/15]
2025-09-10 17:31:15,225 [INFO] PluginManage:359 - Loaded plugin tools (category:base,tabindex:7)
2025-09-10 17:31:15,225 [INFO] PluginManage:310 - Check plugin tutovideos
2025-09-10 17:31:15,375 [INFO] PluginManage:359 - Loaded plugin tutovideos (category:base,tabindex:-1)
2025-09-10 17:31:15,378 [INFO] PluginManage:310 - Check plugin updater
2025-09-10 17:31:15,406 [INFO] PluginManage:359 - Loaded plugin updater (category:base,tabindex:12)
2025-09-10 17:31:15,407 [INFO] PluginManage:310 - Check plugin userauth
2025-09-10 17:31:15,412 [INFO] UserAuth:113 - Init User Auth plugin
2025-09-10 17:31:15,412 [INFO] PluginManage:359 - Loaded plugin userauth (category:base,tabindex:14)
2025-09-10 17:31:15,413 [INFO] PluginManage:283 - PluginManage : Loaded plugins [17]
2025-09-10 17:31:15,665 [INFO] PinOutPanel:1499 - setPackage(No Configuration,No Configuration)
2025-09-10 17:31:15,734 [INFO] CADModel:165 - CPN selected for project level
2025-09-10 17:31:15,734 [INFO] CADModel:114 - Register for checkConnection events
2025-09-10 17:31:15,743 [INFO] IPUIPlugin:80 - create IPUIPlugin
2025-09-10 17:31:15,744 [INFO] PluginManager:220 - loadIPPluginJar : add mdma
2025-09-10 17:31:15,747 [INFO] IPUIPlugin:80 - create IPUIPlugin
2025-09-10 17:31:15,748 [INFO] PluginManager:220 - loadIPPluginJar : add freertos
2025-09-10 17:31:15,750 [INFO] IPUIPlugin:80 - create IPUIPlugin
2025-09-10 17:31:15,750 [INFO] PluginManager:220 - loadIPPluginJar : add gic
2025-09-10 17:31:15,753 [INFO] IPUIPlugin:80 - create IPUIPlugin
2025-09-10 17:31:15,753 [INFO] PluginManager:220 - loadIPPluginJar : add adc
2025-09-10 17:31:15,754 [INFO] IPUIPlugin:80 - create IPUIPlugin
2025-09-10 17:31:15,755 [INFO] PluginManager:220 - loadIPPluginJar : add gtzc
2025-09-10 17:31:15,755 [INFO] IPUIPlugin:80 - create IPUIPlugin
2025-09-10 17:31:15,755 [INFO] PluginManager:220 - loadIPPluginJar : add quadspi
2025-09-10 17:31:15,756 [INFO] IPUIPlugin:80 - create IPUIPlugin
2025-09-10 17:31:15,756 [INFO] PluginManager:220 - loadIPPluginJar : add aes
2025-09-10 17:31:15,757 [INFO] IPUIPlugin:80 - create IPUIPlugin
2025-09-10 17:31:15,758 [INFO] PluginManager:220 - loadIPPluginJar : add pdm2pcm
2025-09-10 17:31:15,758 [INFO] IPUIPlugin:80 - create IPUIPlugin
2025-09-10 17:31:15,758 [INFO] PluginManager:220 - loadIPPluginJar : add hash
2025-09-10 17:31:15,759 [INFO] IPUIPlugin:80 - create IPUIPlugin
2025-09-10 17:31:15,759 [INFO] PluginManager:220 - loadIPPluginJar : add tim
2025-09-10 17:31:15,759 [INFO] IPUIPlugin:80 - create IPUIPlugin
2025-09-10 17:31:15,759 [INFO] PluginManager:220 - loadIPPluginJar : add tsc
2025-09-10 17:31:15,760 [INFO] IPUIPlugin:80 - create IPUIPlugin
2025-09-10 17:31:15,760 [INFO] PluginManager:220 - loadIPPluginJar : add ts
2025-09-10 17:31:15,761 [INFO] IPUIPlugin:80 - create IPUIPlugin
2025-09-10 17:31:15,761 [INFO] PluginManager:220 - loadIPPluginJar : add can
2025-09-10 17:31:15,762 [INFO] IPUIPlugin:80 - create IPUIPlugin
2025-09-10 17:31:15,762 [INFO] PluginManager:220 - loadIPPluginJar : add dma3
2025-09-10 17:31:15,764 [INFO] IPUIPlugin:80 - create IPUIPlugin
2025-09-10 17:31:15,764 [INFO] PluginManager:220 - loadIPPluginJar : add dfsdm
2025-09-10 17:31:15,765 [INFO] IPUIPlugin:80 - create IPUIPlugin
2025-09-10 17:31:15,765 [INFO] PluginManager:220 - loadIPPluginJar : add spi
2025-09-10 17:31:15,766 [INFO] IPUIPlugin:80 - create IPUIPlugin
2025-09-10 17:31:15,766 [INFO] PluginManager:220 - loadIPPluginJar : add gfxmmu
2025-09-10 17:31:15,767 [INFO] IPUIPlugin:80 - create IPUIPlugin
2025-09-10 17:31:15,767 [INFO] PluginManager:220 - loadIPPluginJar : add genericplugin
2025-09-10 17:31:15,768 [INFO] IPUIPlugin:80 - create IPUIPlugin
2025-09-10 17:31:15,768 [INFO] PluginManager:220 - loadIPPluginJar : add cryp
2025-09-10 17:31:15,769 [INFO] IPUIPlugin:80 - create IPUIPlugin
2025-09-10 17:31:15,769 [INFO] PluginManager:220 - loadIPPluginJar : add gpio
2025-09-10 17:31:15,770 [INFO] IPUIPlugin:80 - create IPUIPlugin
2025-09-10 17:31:15,770 [INFO] PluginManager:220 - loadIPPluginJar : add comp
2025-09-10 17:31:15,771 [INFO] IPUIPlugin:80 - create IPUIPlugin
2025-09-10 17:31:15,771 [INFO] PluginManager:220 - loadIPPluginJar : add tracer_emb
2025-09-10 17:31:15,772 [INFO] IPUIPlugin:80 - create IPUIPlugin
2025-09-10 17:31:15,773 [INFO] PluginManager:220 - loadIPPluginJar : add openamp
2025-09-10 17:31:15,775 [INFO] IPUIPlugin:80 - create IPUIPlugin
2025-09-10 17:31:15,775 [INFO] PluginManager:220 - loadIPPluginJar : add stm32_wpan
2025-09-10 17:31:15,777 [INFO] IPUIPlugin:80 - create IPUIPlugin
2025-09-10 17:31:15,783 [INFO] PluginManager:220 - loadIPPluginJar : add plateformsettings
2025-09-10 17:31:15,785 [INFO] IPUIPlugin:80 - create IPUIPlugin
2025-09-10 17:31:15,785 [INFO] PluginManager:220 - loadIPPluginJar : add ipddr
2025-09-10 17:31:15,788 [INFO] IPUIPlugin:80 - create IPUIPlugin
2025-09-10 17:31:15,788 [INFO] PluginManager:220 - loadIPPluginJar : add usart
2025-09-10 17:31:15,789 [INFO] IPUIPlugin:80 - create IPUIPlugin
2025-09-10 17:31:15,789 [INFO] PluginManager:220 - loadIPPluginJar : add ltdc
2025-09-10 17:31:15,792 [INFO] IPUIPlugin:80 - create IPUIPlugin
2025-09-10 17:31:15,792 [INFO] PluginManager:220 - loadIPPluginJar : add nvic
2025-09-10 17:31:15,793 [INFO] IPUIPlugin:80 - create IPUIPlugin
2025-09-10 17:31:15,793 [INFO] PluginManager:220 - loadIPPluginJar : add fatfs
2025-09-10 17:31:15,797 [INFO] IPUIPlugin:80 - create IPUIPlugin
2025-09-10 17:31:15,797 [INFO] PluginManager:220 - loadIPPluginJar : add linkedlist
2025-09-10 17:31:15,799 [INFO] IPUIPlugin:80 - create IPUIPlugin
2025-09-10 17:31:15,799 [INFO] PluginManager:220 - loadIPPluginJar : add dma
2025-09-10 17:31:15,801 [INFO] IPUIPlugin:80 - create IPUIPlugin
2025-09-10 17:31:15,801 [INFO] PluginManager:220 - loadIPPluginJar : add fmc
2025-09-10 17:31:15,801 [INFO] IPUIPlugin:80 - create IPUIPlugin
2025-09-10 17:31:15,801 [INFO] PluginManager:220 - loadIPPluginJar : add i2s
2025-09-10 17:31:15,802 [INFO] IPUIPlugin:80 - create IPUIPlugin
2025-09-10 17:31:15,802 [INFO] PluginManager:220 - loadIPPluginJar : add ucpd
2025-09-10 17:31:15,803 [INFO] IPUIPlugin:80 - create IPUIPlugin
2025-09-10 17:31:15,803 [INFO] PluginManager:220 - loadIPPluginJar : add lorawan
2025-09-10 17:31:15,804 [INFO] IPUIPlugin:80 - create IPUIPlugin
2025-09-10 17:31:15,804 [INFO] PluginManager:220 - loadIPPluginJar : add opamp
2025-09-10 17:31:15,805 [INFO] IPUIPlugin:80 - create IPUIPlugin
2025-09-10 17:31:15,805 [INFO] PluginManager:220 - loadIPPluginJar : add i3c
2025-09-10 17:31:15,806 [INFO] IPUIPlugin:80 - create IPUIPlugin
2025-09-10 17:31:15,806 [INFO] PluginManager:220 - loadIPPluginJar : add touchsensing
2025-09-10 17:31:15,807 [INFO] IPUIPlugin:80 - create IPUIPlugin
2025-09-10 17:31:15,807 [INFO] PluginManager:220 - loadIPPluginJar : add i2c
2025-09-10 17:31:15,808 [INFO] IPUIPlugin:80 - create IPUIPlugin
2025-09-10 17:31:15,808 [INFO] PluginManager:220 - loadIPPluginJar : add resmgrutility
2025-09-10 17:31:15,809 [INFO] IPUIPlugin:80 - create IPUIPlugin
2025-09-10 17:31:15,809 [INFO] PluginManager:220 - loadIPPluginJar : add sai
2025-09-10 17:31:15,810 [INFO] IPUIPlugin:80 - create IPUIPlugin
2025-09-10 17:31:15,810 [INFO] PluginManager:220 - loadIPPluginJar : add usbx
2025-09-10 17:31:15,916 [INFO] CADModel:165 - CPN selected for project level
2025-09-10 17:31:15,916 [INFO] CADModel:114 - Register for checkConnection events
2025-09-10 17:31:15,917 [FATAL] Updater:308 - Updater called before beeing initialized
2025-09-10 17:31:15,917 [ERROR] CADModel:125 - Updater not yet initialized, retry later 
2025-09-10 17:31:16,066 [INFO] CADModel:165 - CPN selected for project level
2025-09-10 17:31:16,066 [INFO] CADModel:114 - Register for checkConnection events
2025-09-10 17:31:16,066 [FATAL] Updater:308 - Updater called before beeing initialized
2025-09-10 17:31:16,066 [ERROR] CADModel:125 - Updater not yet initialized, retry later 
2025-09-10 17:31:16,068 [FATAL] Updater:308 - Updater called before beeing initialized
2025-09-10 17:31:16,184 [FATAL] Updater:308 - Updater called before beeing initialized
2025-09-10 17:31:16,196 [INFO] DbMcusAds:53 - JSON generation date=Tue Jul 08 03:14:23 CDT 2025 (1751962463582)
2025-09-10 17:31:16,196 [FATAL] Updater:308 - Updater called before beeing initialized
2025-09-10 17:31:16,241 [WARN] DetailPanel:346 - Failed to get advertising image, set to default
2025-09-10 17:31:16,282 [FATAL] Updater:308 - Updater called before beeing initialized
2025-09-10 17:31:16,283 [FATAL] Updater:308 - Updater called before beeing initialized
2025-09-10 17:31:16,284 [FATAL] Updater:308 - Updater called before beeing initialized
2025-09-10 17:31:16,284 [WARN] DetailPanel:346 - Failed to get advertising image, set to default
2025-09-10 17:31:16,285 [FATAL] Updater:308 - Updater called before beeing initialized
2025-09-10 17:31:16,326 [ERROR] Updater:1120 - MainUpdater not yet initialized. External WinMGr cannot be set.
2025-09-10 17:31:16,357 [INFO] Updater:1056 - Updater Version found : 6.9.1
2025-09-10 17:31:16,366 [INFO] ApplicationProperties:184 - Using Application install path: /Applications/STM32CubeIDE.app/Contents/Eclipse/plugins/com.st.stm32cube.common.mx_6.9.1.202307191849
2025-09-10 17:31:17,083 [INFO] MainUpdater:2868 - connection check result : 10
2025-09-10 17:31:17,085 [INFO] MainUpdater:285 - Updater Check For Update Now.
2025-09-10 17:31:17,086 [INFO] MicroXplorer:498 - Change Database Version : DB.6.0.91
2025-09-10 17:31:17,104 [INFO] McuFinderGlobals:63 - Set McuFinder mode to 2 (CubeIDE integrated)
2025-09-10 17:31:17,340 [INFO] CheckServerUpdateThread:120 - End of CheckServer Thread
2025-09-10 17:31:18,381 [WARN] PackLoader:240 - Cannot read IP mode file for STMicroelectronics.FP-SNS-MOTENVWB1.1.4.0
2025-09-10 17:31:18,403 [WARN] PackLoader:240 - Cannot read IP mode file for STMicroelectronics.FP-ATR-ASTRA1.2.0.2
2025-09-10 17:31:18,412 [WARN] PackLoader:240 - Cannot read IP mode file for STMicroelectronics.X-CUBE-SMBUS.2.1.0
2025-09-10 17:31:18,417 [ERROR] Engine:466 - /Users/samuel.meysembourg/.stm32cubemx/thirdparties/pdsc/STMicroelectronics.X-CUBE-ST60.1.0.0.pdsc: PDSC version is not supported
2025-09-10 17:31:18,450 [WARN] PackLoader:240 - Cannot read IP mode file for STMicroelectronics.X-CUBE-AZRTOS-F7.1.1.0
2025-09-10 17:31:18,460 [ERROR] Engine:466 - /Users/samuel.meysembourg/.stm32cubemx/thirdparties/pdsc/WES.I-CUBE-Cesium.1.4.0.pdsc: PDSC version is not supported
2025-09-10 17:31:18,465 [ERROR] Engine:466 - /Users/samuel.meysembourg/.stm32cubemx/thirdparties/pdsc/Infineon.AIROC-Wi-Fi-Bluetooth-STM32.1.7.1.pdsc: PDSC version is not supported
2025-09-10 17:31:18,510 [WARN] PackLoader:240 - Cannot read IP mode file for STMicroelectronics.X-CUBE-AZRTOS-H7.3.4.0
2025-09-10 17:31:18,552 [WARN] PackLoader:240 - Cannot read IP mode file for STMicroelectronics.X-CUBE-DISPLAY.3.0.0
2025-09-10 17:31:18,597 [WARN] PackLoader:240 - Cannot read IP mode file for STMicroelectronics.X-CUBE-NFC10.1.0.0
2025-09-10 17:31:18,608 [WARN] PackLoader:240 - Cannot read IP mode file for emotas.I-CUBE-CANOPEN.1.3.0
2025-09-10 17:31:18,612 [ERROR] Engine:466 - /Users/samuel.meysembourg/.stm32cubemx/thirdparties/pdsc/STMicroelectronics.FP-SNS-STBOX1.2.1.0.pdsc: PDSC version is not supported
2025-09-10 17:31:18,617 [WARN] PackLoader:240 - Cannot read IP mode file for STMicroelectronics.FP-SNS-SMARTAG2.1.2.0
2025-09-10 17:31:18,620 [ERROR] Engine:466 - /Users/samuel.meysembourg/.stm32cubemx/thirdparties/pdsc/STMicroelectronics.FP-SNS-FLIGHT1.5.1.0.pdsc: PDSC version is not supported
2025-09-10 17:31:18,628 [INFO] LogOutputStream:77 - [STDOUT_REDIRECT] 1 : Invalid condition id : UX_CORESTACK_Condition cause : null
2025-09-10 17:31:18,630 [INFO] LogOutputStream:77 - [STDOUT_REDIRECT] 1 : Invalid condition id : UX_CORESTACK_Condition cause : null
2025-09-10 17:31:18,631 [INFO] LogOutputStream:77 - [STDOUT_REDIRECT] 1 : Invalid condition id : UX_CORESTACK_Condition cause : null
2025-09-10 17:31:18,631 [INFO] LogOutputStream:77 - [STDOUT_REDIRECT] 1 : Invalid condition id : UX_CORESTACK_Condition cause : null
2025-09-10 17:31:18,631 [INFO] LogOutputStream:77 - [STDOUT_REDIRECT] 1 : Invalid condition id : UX_CORESTACK_Condition cause : null
2025-09-10 17:31:18,639 [WARN] PackLoader:240 - Cannot read IP mode file for STMicroelectronics.X-CUBE-AZRTOS-WL.2.0.0
2025-09-10 17:31:18,655 [WARN] PackLoader:240 - Cannot read IP mode file for STMicroelectronics.FP-SNS-MOTENV1.5.0.0
2025-09-10 17:31:18,681 [WARN] PackLoader:240 - Cannot read IP mode file for STMicroelectronics.X-CUBE-BLE2.3.3.0
2025-09-10 17:31:18,717 [WARN] PackLoader:240 - Cannot read IP mode file for STMicroelectronics.X-CUBE-NFC9.1.0.0
2025-09-10 17:31:18,725 [WARN] PackLoader:240 - Cannot read IP mode file for wolfSSL.I-CUBE-wolfSSL.5.8.2
2025-09-10 17:31:18,733 [WARN] PackLoader:240 - Cannot read IP mode file for STMicroelectronics.X-CUBE-BLE1.7.1.0
2025-09-10 17:31:18,747 [WARN] PackLoader:240 - Cannot read IP mode file for wolfSSL.I-CUBE-wolfMQTT.1.19.2
2025-09-10 17:31:18,760 [WARN] PackLoader:240 - Cannot read IP mode file for STMicroelectronics.X-CUBE-EEPRMA1.5.2.0
2025-09-10 17:31:18,799 [WARN] PackLoader:240 - Cannot read IP mode file for STMicroelectronics.X-CUBE-AZRTOS-G0.1.1.0
2025-09-10 17:31:18,846 [WARN] PackLoader:240 - Cannot read IP mode file for STMicroelectronics.X-CUBE-SAFEA1.1.2.2
2025-09-10 17:31:18,863 [WARN] PackLoader:240 - Cannot read IP mode file for STMicroelectronics.X-CUBE-NFC4.3.0.0
2025-09-10 17:31:18,879 [ERROR] Engine:466 - /Users/samuel.meysembourg/.stm32cubemx/thirdparties/pdsc/EmbeddedOffice.I-CUBE-FS-RTOS.1.0.1.pdsc: PDSC version is not supported
2025-09-10 17:31:18,885 [WARN] PackLoader:240 - Cannot read IP mode file for STMicroelectronics.X-CUBE-WB05N.2.0.0
2025-09-10 17:31:18,895 [WARN] PackLoader:240 - Cannot read IP mode file for wolfSSL.I-CUBE-wolfTPM.3.8.0
2025-09-10 17:31:18,899 [ERROR] Engine:466 - /Users/samuel.meysembourg/.stm32cubemx/thirdparties/pdsc/STMicroelectronics.X-CUBE-TCPP.4.2.0.pdsc: PDSC version is not supported
2025-09-10 17:31:18,901 [ERROR] Engine:466 - /Users/samuel.meysembourg/.stm32cubemx/thirdparties/pdsc/RealThread.X-CUBE-RT-Thread_Nano.4.1.1.pdsc: PDSC version is not supported
2025-09-10 17:31:18,904 [WARN] PackLoader:240 - Cannot read IP mode file for STMicroelectronics.FP-ATR-SIGFOX1.3.2.0
2025-09-10 17:31:18,918 [WARN] PackLoader:240 - Cannot read IP mode file for ITTIA_DB.I-CUBE-ITTIADB.8.9.0
2025-09-10 17:31:18,923 [ERROR] Engine:466 - /Users/samuel.meysembourg/.stm32cubemx/thirdparties/pdsc/STMicroelectronics.X-CUBE-ST67W61.1.0.0.pdsc: PDSC version is not supported
2025-09-10 17:31:18,927 [WARN] PackLoader:240 - Cannot read IP mode file for STMicroelectronics.X-CUBE-AI.10.2.0
2025-09-10 17:31:18,994 [WARN] PackLoader:240 - Cannot read IP mode file for SEGGER.I-CUBE-embOS.1.3.1
2025-09-10 17:31:19,094 [WARN] PackLoader:240 - Cannot read IP mode file for STMicroelectronics.X-CUBE-ALGOBUILD.1.4.0
2025-09-10 17:31:19,208 [WARN] PackLoader:240 - Cannot read IP mode file for STMicroelectronics.X-CUBE-MEMS1.11.3.0
2025-09-10 17:31:19,364 [WARN] PackLoader:240 - Cannot read IP mode file for STMicroelectronics.X-CUBE-PM33A1.1.0.0
2025-09-10 17:31:19,388 [WARN] PackLoader:240 - Cannot read IP mode file for STMicroelectronics.X-CUBE-AZRTOS-F4.1.1.0
2025-09-10 17:31:19,395 [ERROR] Engine:466 - /Users/samuel.meysembourg/.stm32cubemx/thirdparties/pdsc/Avnet-IotConnect.X-CUBE-IoTC-DA16k-PMOD.1.0.0.pdsc: PDSC version is not supported
2025-09-10 17:31:19,403 [WARN] PackLoader:240 - Cannot read IP mode file for STMicroelectronics.X-CUBE-ISPU.2.1.0
2025-09-10 17:31:19,410 [WARN] PackLoader:240 - Cannot read IP mode file for STMicroelectronics.X-CUBE-NFC12.1.0.0
2025-09-10 17:31:19,432 [WARN] PackLoader:240 - Cannot read IP mode file for STMicroelectronics.X-CUBE-AZRTOS-L5.2.0.0
2025-09-10 17:31:19,450 [WARN] PackLoader:240 - Cannot read IP mode file for STMicroelectronics.X-CUBE-NFC6.3.1.0
2025-09-10 17:31:19,457 [WARN] PackLoader:240 - Cannot read IP mode file for STMicroelectronics.X-CUBE-FREERTOS.1.3.1
2025-09-10 17:31:19,459 [ERROR] Engine:466 - /Users/samuel.meysembourg/.stm32cubemx/thirdparties/pdsc/STMicroelectronics.FP-SNS-STAIOTCFT.1.0.0.pdsc: PDSC version is not supported
2025-09-10 17:31:19,461 [ERROR] Engine:466 - /Users/samuel.meysembourg/.stm32cubemx/thirdparties/pdsc/STMicroelectronics.X-CUBE-DPower.1.3.0.pdsc: PDSC version is not supported
2025-09-10 17:31:19,483 [WARN] ConditionMgr:438 - getConditionDescription Invalid condition id : LAN8742 Phy interface Condition cause : null
2025-09-10 17:31:19,491 [WARN] PackLoader:240 - Cannot read IP mode file for STMicroelectronics.X-CUBE-AZRTOS-L4.2.0.0
2025-09-10 17:31:19,494 [WARN] ConditionMgr:1039 - genDependencies : Invalid condition id : LAN8742 Phy interface Condition cause : null
2025-09-10 17:31:19,495 [WARN] ConditionMgr:1039 - genDependencies : Invalid condition id : LAN8742 Phy interface Condition cause : null
2025-09-10 17:31:19,496 [WARN] ConditionMgr:1039 - genDependencies : Invalid condition id : LAN8742 Phy interface Condition cause : null
2025-09-10 17:31:19,511 [WARN] PackLoader:240 - Cannot read IP mode file for STMicroelectronics.X-CUBE-SFXS2LP1.4.0.0
2025-09-10 17:31:19,517 [ERROR] Engine:466 - /Users/samuel.meysembourg/.stm32cubemx/thirdparties/pdsc/STMicroelectronics.X-CUBE-BLEMGR.4.1.0.pdsc: PDSC version is not supported
2025-09-10 17:31:19,526 [WARN] ConditionMgr:438 - getConditionDescription Invalid condition id : UX DEVICE CLASS RTOS Condition cause : null
2025-09-10 17:31:19,526 [WARN] ConditionMgr:438 - getConditionDescription Invalid condition id : UX DEVICE CLASS RTOS Condition cause : null
2025-09-10 17:31:19,529 [WARN] PackLoader:240 - Cannot read IP mode file for STMicroelectronics.X-CUBE-AZRTOS-WB.2.0.0
2025-09-10 17:31:19,530 [WARN] ConditionMgr:1039 - genDependencies : Invalid condition id : UX DEVICE CLASS RTOS Condition cause : null
2025-09-10 17:31:19,531 [WARN] ConditionMgr:1039 - genDependencies : Invalid condition id : UX DEVICE CLASS RTOS Condition cause : null
2025-09-10 17:31:19,531 [WARN] ConditionMgr:1039 - genDependencies : Invalid condition id : UX DEVICE CLASS RTOS Condition cause : null
2025-09-10 17:31:19,531 [WARN] ConditionMgr:1039 - genDependencies : Invalid condition id : UX DEVICE CLASS RTOS Condition cause : null
2025-09-10 17:31:19,531 [WARN] ConditionMgr:1039 - genDependencies : Invalid condition id : UX DEVICE CLASS RTOS Condition cause : null
2025-09-10 17:31:19,537 [WARN] PackLoader:240 - Cannot read IP mode file for STMicroelectronics.X-CUBE-GNSS1.7.0.1
2025-09-10 17:31:19,545 [WARN] PackLoader:240 - Cannot read IP mode file for STMicroelectronics.X-CUBE-TOUCHGFX.4.25.0
2025-09-10 17:31:19,547 [ERROR] Engine:466 - /Users/samuel.meysembourg/.stm32cubemx/thirdparties/pdsc/quantropi.X-CUBE-qispace-sdk-base.2.1.0.pdsc: PDSC version is not supported
2025-09-10 17:31:19,557 [WARN] PackLoader:240 - Cannot read IP mode file for STMicroelectronics.X-CUBE-SUBG2.5.0.0
2025-09-10 17:31:19,582 [WARN] PackLoader:240 - Cannot read IP mode file for STMicroelectronics.X-CUBE-AZRTOS-H7RS.1.1.0
2025-09-10 17:31:19,587 [WARN] PackLoader:240 - Cannot read IP mode file for Cesanta.I-CUBE-Mongoose.7.13.0
2025-09-10 17:31:19,598 [WARN] PackLoader:240 - Cannot read IP mode file for STMicroelectronics.X-CUBE-AZRTOS-G4.2.0.0
2025-09-10 17:31:19,605 [WARN] PackLoader:240 - Cannot read IP mode file for wolfSSL.I-CUBE-wolfSSH.1.4.20
2025-09-10 17:31:19,607 [WARN] PackLoader:240 - Cannot read IP mode file for STMicroelectronics.X-CUBE-NFC7.2.0.0
2025-09-10 17:31:19,611 [ERROR] Engine:466 - /Users/samuel.meysembourg/.stm32cubemx/thirdparties/pdsc/STMicroelectronics.X-CUBE-IPS.3.1.0.pdsc: PDSC version is not supported
2025-09-10 17:31:19,620 [WARN] PackLoader:240 - Cannot read IP mode file for STMicroelectronics.X-CUBE-ALS.1.0.2
2025-09-10 17:31:19,635 [WARN] PackLoader:240 - Cannot read IP mode file for STMicroelectronics.X-CUBE-STSE01.1.0.0
2025-09-10 17:31:19,638 [ERROR] Engine:466 - /Users/samuel.meysembourg/.stm32cubemx/thirdparties/pdsc/STMicroelectronics.X-CUBE-TOF1.3.4.3.pdsc: PDSC version is not supported
2025-09-10 17:31:19,641 [INFO] ThirdParty:978 - Integrity check success = true
2025-09-10 17:31:19,641 [INFO] IntegrityCheckThread:100 - exiting critical section [integrity check]
2025-09-10 17:31:19,641 [INFO] IntegrityCheckThread:103 - End integrity checks thread
2025-09-10 17:31:38,466 [ERROR] LogOutputStream:75 - [STDERR_REDIRECT] SLF4J: Failed to load class "org.slf4j.impl.StaticLoggerBinder".
2025-09-10 17:31:38,468 [ERROR] LogOutputStream:75 - [STDERR_REDIRECT] SLF4J: Defaulting to no-operation (NOP) logger implementation
2025-09-10 17:31:38,468 [ERROR] LogOutputStream:75 - [STDERR_REDIRECT] SLF4J: See http://www.slf4j.org/codes.html#StaticLoggerBinder for further details.
